<?xml version="1.0" encoding="UTF-8"?>
<testsuite xmlns:xsi="http://www.w3.org/2001/XMLSchema-instance" xsi:noNamespaceSchemaLocation="https://maven.apache.org/surefire/maven-surefire-plugin/xsd/surefire-test-report.xsd" name="versioncomparator.unit.AppTest" time="0.053" tests="9" errors="0" skipped="0" failures="0">
  <properties>
[...]
</properties>
  <testcase name="allVersionsBlankInput" classname="versioncomparator.unit.AppTest" time="0.038"/>
  <testcase name="allVersionsWrongFormatInput" classname="versioncomparator.unit.AppTest" time="0"/>
  <testcase name="secondVersionWrongFormatInput" classname="versioncomparator.unit.AppTest" time="0"/>
  <testcase name="firstVersionWrongFormatInput" classname="versioncomparator.unit.AppTest" time="0"/>
  <testcase name="secondVersionBlankInput" classname="versioncomparator.unit.AppTest" time="0.015"/>
  <testcase name="sameVersion" classname="versioncomparator.unit.AppTest" time="0"/>
  <testcase name="nextVersion" classname="versioncomparator.unit.AppTest" time="0"/>
  <testcase name="previousVersion" classname="versioncomparator.unit.AppTest" time="0"/>
  <testcase name="firstVersionBlankInput" classname="versioncomparator.unit.AppTest" time="0"/>
</testsuite>